<?xml version="1.0" encoding="UTF-8"?>
<!-- Generated by org.testng.reporters.JUnitReportReporter -->
<testsuite hostname="CIPL-ATC00483" failures="1" tests="1" name="sales_Module_Api.MaterialGrade" time="1.598" errors="0" timestamp="2025-12-17T19:41:19 IST" skipped="0">
  <testcase classname="sales_Module_Api.MaterialGrade" name="materialGrade" time="1.598">
    <failure message="expected [MaterialxXREJ] but found [{
  &quot;statusCode&quot;: 200,
  &quot;success&quot;: true,
  &quot;message&quot;: &quot;MaterialGrade retrieved successfully.&quot;,
  &quot;result&quot;: {
    &quot;salesEnquiryMainId&quot;: 7459,
    &quot;materialGradeName&quot;: &quot;MaterialxXREJ&quot;,
    &quot;remarks&quot;: &quot;remarksvYSjl&quot;,
    &quot;materialId&quot;: 0,
    &quot;isDelete&quot;: false,
    &quot;isActive&quot;: false,
    &quot;screenId&quot;: 3843,
    &quot;createdBy&quot;: 1,
    &quot;createdAt&quot;: &quot;2025-12-17T19:41:12.605692&quot;,
    &quot;updatedBy&quot;: 2607,
    &quot;updatedAt&quot;: &quot;2025-12-17T19:41:13.775553&quot;,
    &quot;id&quot;: 39,
    &quot;extId&quot;: &quot;581f8dc4-5110-4727-9177-e57f1e00a794&quot;
  }
}]" type="java.lang.AssertionError">
      <![CDATA[java.lang.AssertionError: expected [MaterialxXREJ] but found [{
  "statusCode": 200,
  "success": true,
  "message": "MaterialGrade retrieved successfully.",
  "result": {
    "salesEnquiryMainId": 7459,
    "materialGradeName": "MaterialxXREJ",
    "remarks": "remarksvYSjl",
    "materialId": 0,
    "isDelete": false,
    "isActive": false,
    "screenId": 3843,
    "createdBy": 1,
    "createdAt": "2025-12-17T19:41:12.605692",
    "updatedBy": 2607,
    "updatedAt": "2025-12-17T19:41:13.775553",
    "id": 39,
    "extId": "581f8dc4-5110-4727-9177-e57f1e00a794"
  }
}]
at org.testng.Assert.fail(Assert.java:111)
at org.testng.Assert.failNotEquals(Assert.java:1578)
at org.testng.Assert.assertEqualsImpl(Assert.java:150)
at org.testng.Assert.assertEquals(Assert.java:132)
at org.testng.Assert.assertEquals(Assert.java:656)
at org.testng.Assert.assertEquals(Assert.java:666)
at sales_Module_Api.MaterialGrade.materialGrade(MaterialGrade.java:63)
at java.base/jdk.internal.reflect.DirectMethodHandleAccessor.invoke(DirectMethodHandleAccessor.java:103)
at java.base/java.lang.reflect.Method.invoke(Method.java:580)
at org.testng.internal.invokers.MethodInvocationHelper.invokeMethod(MethodInvocationHelper.java:141)
at org.testng.internal.invokers.TestInvoker.invokeMethod(TestInvoker.java:686)
at org.testng.internal.invokers.TestInvoker.invokeTestMethod(TestInvoker.java:230)
at org.testng.internal.invokers.MethodRunner.runInSequence(MethodRunner.java:63)
at org.testng.internal.invokers.TestInvoker$MethodInvocationAgent.invoke(TestInvoker.java:992)
at org.testng.internal.invokers.TestInvoker.invokeTestMethods(TestInvoker.java:203)
at org.testng.internal.invokers.TestMethodWorker.invokeTestMethods(TestMethodWorker.java:154)
at org.testng.internal.invokers.TestMethodWorker.run(TestMethodWorker.java:134)
at java.base/java.util.ArrayList.forEach(ArrayList.java:1596)
at org.testng.TestRunner.privateRun(TestRunner.java:739)
at org.testng.TestRunner.run(TestRunner.java:614)
at org.testng.SuiteRunner.runTest(SuiteRunner.java:421)
at org.testng.SuiteRunner.runSequentially(SuiteRunner.java:413)
at org.testng.SuiteRunner.privateRun(SuiteRunner.java:373)
at org.testng.SuiteRunner.run(SuiteRunner.java:312)
at org.testng.SuiteRunnerWorker.runSuite(SuiteRunnerWorker.java:52)
at org.testng.SuiteRunnerWorker.run(SuiteRunnerWorker.java:95)
at org.testng.TestNG.runSuitesSequentially(TestNG.java:1274)
at org.testng.TestNG.runSuitesLocally(TestNG.java:1208)
at org.testng.TestNG.runSuites(TestNG.java:1112)
at org.testng.TestNG.run(TestNG.java:1079)
at org.testng.remote.AbstractRemoteTestNG.run(AbstractRemoteTestNG.java:115)
at org.testng.remote.RemoteTestNG.initAndRun(RemoteTestNG.java:293)
at org.testng.remote.RemoteTestNG.main(RemoteTestNG.java:91)
]]>
    </failure>
  </testcase> <!-- materialGrade -->
</testsuite> <!-- sales_Module_Api.MaterialGrade -->
